#
# There is insufficient memory for the Java Runtime Environment to continue.
# Native memory allocation (malloc) failed to allocate 34512 bytes for Chunk::new
# Possible reasons:
#   The system is out of physical RAM or swap space
#   The process is running with CompressedOops enabled, and the Java Heap may be blocking the growth of the native heap
# Possible solutions:
#   Reduce memory load on the system
#   Increase physical memory or swap space
#   Check if swap backing store is full
#   Decrease Java heap size (-Xmx/-Xms)
#   Decrease number of Java threads
#
#  
-javaagent:C:\Program Files\JetBrains\IntelliJ IDEA Community Edition 2023.3.4\lib\idea_rt.jar=59081:C:\Program Files\JetBrains\IntelliJ IDEA Community Edition 2023.3.4\bin -Dfile.encoding=UTF-8 test.muruna.com.TestMurunaApplication

Host: Intel(R) Core(TM) i5-8265U CPU @ 1.60GHz, 8 cores, 7G,  Windows 11 , 64 bit Build 22621 (10.0.22621.3085)
Time: Mon Mar 11 11:09:32 2024 Hora verano Sudamérica Pacífico elapsed time: 191.186054 seconds (0d 0h 3m 11s)

---------------  T H R E A D  ---------------

Current thread (0x000002c521ee4d60):  JavaThread "C2 CompilerThread0" daemon [_thread_in_native, id=2764, stack(0x000000ea30800000,0x000000ea30900000)]


Current CompileTask:
C2: 191186 5550       4       java.util.Arrays::copyOf (10 bytes)

Stack: [0x000000ea30800000,0x000000ea30900000]
Native frames: (J=compiled Java code, j=interpreted, Vv=VM code, C=native code)
V  [jvm.dll+0x677a5a]
V  [jvm.dll+0x7d8b2d]
V  [jvm.dll+0x7da48e]
V  [jvm.dll+0x7daaf3]
V  [jvm.dll+0x2455ff]
V  [jvm.dll+0xaaafb]
V  [jvm.dll+0xab09c]
V  [jvm.dll+0x361bae]
V  [jvm.dll+0x32c211]
V  [jvm.dll+0x32b6aa]
V  [jvm.dll+0x21794f]
V  [jvm.dll+0x216d81]
V  [jvm.dll+0x1a3410]
V  [jvm.dll+0x226aeb]
V  [jvm.dll+0x224cab]
V  [jvm.dll+0x78e45c]
V  [jvm.dll+0x78888a]
V  [jvm.dll+0x676935]
C  [ucrtbase.dll+0x29363]
C  [KERNEL32.DLL+0x1257d]
C  [ntdll.dll+0x5aa58]


---------------  P R O C E S S  ---------------

Threads class SMR info:
_java_thread_list=0x000002c56a1d6400, length=31, elements={
0x000002c521ec5640, 0x000002c521ec9380, 0x000002c521ed7d60, 0x000002c521eda830,
0x000002c521edb1f0, 0x000002c521edbbb0, 0x000002c521ee4d60, 0x000002c521eead20,
0x000002c521ef6a50, 0x000002c5671eb8c0, 0x000002c5671eaea0, 0x000002c5671ebdd0,
0x000002c5671ed720, 0x000002c5671edc30, 0x000002c5671ecd00, 0x000002c5671ea990,
0x000002c56b3936a0, 0x000002c56b38f4d0, 0x000002c56b393bb0, 0x000002c56b38e5a0,
0x000002c56b3940c0, 0x000002c56b38cc50, 0x000002c56b391d50, 0x000002c56b38fef0,
0x000002c56b392260, 0x000002c56b3945d0, 0x000002c56b390910, 0x000002c56b392770,
0x000002c56b38d160, 0x000002c56b392c80, 0x000002c56b391840
}

Java Threads: ( => current thread )
  0x000002c521ec5640 JavaThread "Reference Handler" daemon [_thread_blocked, id=18932, stack(0x000000ea30200000,0x000000ea30300000)]
  0x000002c521ec9380 JavaThread "Finalizer" daemon [_thread_blocked, id=15300, stack(0x000000ea30300000,0x000000ea30400000)]
  0x000002c521ed7d60 JavaThread "Signal Dispatcher" daemon [_thread_blocked, id=17876, stack(0x000000ea30400000,0x000000ea30500000)]
  0x000002c521eda830 JavaThread "Attach Listener" daemon [_thread_blocked, id=17772, stack(0x000000ea30500000,0x000000ea30600000)]
  0x000002c521edb1f0 JavaThread "Service Thread" daemon [_thread_blocked, id=11864, stack(0x000000ea30600000,0x000000ea30700000)]
  0x000002c521edbbb0 JavaThread "Monitor Deflation Thread" daemon [_thread_blocked, id=3320, stack(0x000000ea30700000,0x000000ea30800000)]
=>0x000002c521ee4d60 JavaThread "C2 CompilerThread0" daemon [_thread_in_native, id=2764, stack(0x000000ea30800000,0x000000ea30900000)]
  0x000002c521eead20 JavaThread "C1 CompilerThread0" daemon [_thread_blocked, id=10008, stack(0x000000ea30900000,0x000000ea30a00000)]
  0x000002c521ef6a50 JavaThread "Sweeper thread" daemon [_thread_blocked, id=7792, stack(0x000000ea30a00000,0x000000ea30b00000)]
  0x000002c5671eb8c0 JavaThread "Common-Cleaner" daemon [_thread_blocked, id=9460, stack(0x000000ea30b00000,0x000000ea30c00000)]
  0x000002c5671eaea0 JavaThread "Monitor Ctrl-Break" daemon [_thread_in_native, id=10576, stack(0x000000ea30d00000,0x000000ea30e00000)]
  0x000002c5671ebdd0 JavaThread "Notification Thread" daemon [_thread_blocked, id=19208, stack(0x000000ea30e00000,0x000000ea30f00000)]
  0x000002c5671ed720 JavaThread "HikariPool-1 housekeeper" daemon [_thread_blocked, id=6248, stack(0x000000ea31a00000,0x000000ea31b00000)]
  0x000002c5671edc30 JavaThread "Catalina-utility-1" [_thread_blocked, id=17720, stack(0x000000ea31b00000,0x000000ea31c00000)]
  0x000002c5671ecd00 JavaThread "Catalina-utility-2" [_thread_blocked, id=6976, stack(0x000000ea31c00000,0x000000ea31d00000)]
  0x000002c5671ea990 JavaThread "container-0" [_thread_blocked, id=15072, stack(0x000000ea31e00000,0x000000ea31f00000)]
  0x000002c56b3936a0 JavaThread "File Watcher" daemon [_thread_in_vm, id=16556, stack(0x000000ea31d00000,0x000000ea31e00000)]
  0x000002c56b38f4d0 JavaThread "Live Reload Server" daemon [_thread_in_native, id=6104, stack(0x000000ea31f00000,0x000000ea32000000)]
  0x000002c56b393bb0 JavaThread "http-nio-8080-exec-1" daemon [_thread_blocked, id=12124, stack(0x000000ea32000000,0x000000ea32100000)]
  0x000002c56b38e5a0 JavaThread "http-nio-8080-exec-2" daemon [_thread_blocked, id=7632, stack(0x000000ea32100000,0x000000ea32200000)]
  0x000002c56b3940c0 JavaThread "http-nio-8080-exec-3" daemon [_thread_blocked, id=14504, stack(0x000000ea32200000,0x000000ea32300000)]
  0x000002c56b38cc50 JavaThread "http-nio-8080-exec-4" daemon [_thread_blocked, id=18244, stack(0x000000ea32300000,0x000000ea32400000)]
  0x000002c56b391d50 JavaThread "http-nio-8080-exec-5" daemon [_thread_blocked, id=8468, stack(0x000000ea32400000,0x000000ea32500000)]
  0x000002c56b38fef0 JavaThread "http-nio-8080-exec-6" daemon [_thread_blocked, id=3608, stack(0x000000ea32500000,0x000000ea32600000)]
  0x000002c56b392260 JavaThread "http-nio-8080-exec-7" daemon [_thread_blocked, id=15864, stack(0x000000ea32600000,0x000000ea32700000)]
  0x000002c56b3945d0 JavaThread "http-nio-8080-exec-8" daemon [_thread_blocked, id=15976, stack(0x000000ea32700000,0x000000ea32800000)]
  0x000002c56b390910 JavaThread "http-nio-8080-exec-9" daemon [_thread_blocked, id=1692, stack(0x000000ea32800000,0x000000ea32900000)]
  0x000002c56b392770 JavaThread "http-nio-8080-exec-10" daemon [_thread_blocked, id=14576, stack(0x000000ea32900000,0x000000ea32a00000)]
  0x000002c56b38d160 JavaThread "http-nio-8080-Poller" daemon [_thread_in_native, id=1908, stack(0x000000ea32a00000,0x000000ea32b00000)]
  0x000002c56b392c80 JavaThread "http-nio-8080-Acceptor" daemon [_thread_in_native, id=2892, stack(0x000000ea32b00000,0x000000ea32c00000)]
  0x000002c56b391840 JavaThread "DestroyJavaVM" [_thread_blocked, id=14416, stack(0x000000ea2fb00000,0x000000ea2fc00000)]

Other Threads:
  0x000002c521ec3a50 VMThread "VM Thread" [stack: 0x000000ea30100000,0x000000ea30200000] [id=9876]
  0x000002c503f3a1d0 WatcherThread [stack: 0x000000ea30f00000,0x000000ea31000000] [id=7916]
  0x000002c503f1dd20 GCTaskThread "GC Thread#0" [stack: 0x000000ea2fc00000,0x000000ea2fd00000] [id=3728]
  0x000002c567ed9c00 GCTaskThread "GC Thread#1" [stack: 0x000000ea31200000,0x000000ea31300000] [id=14248]
  0x000002c5684a0f10 GCTaskThread "GC Thread#2" [stack: 0x000000ea31300000,0x000000ea31400000] [id=9544]
  0x000002c5684a11d0 GCTaskThread "GC Thread#3" [stack: 0x000000ea31400000,0x000000ea31500000] [id=11184]
  0x000002c56809d210 GCTaskThread "GC Thread#4" [stack: 0x000000ea31500000,0x000000ea31600000] [id=7040]
  0x000002c56809d4d0 GCTaskThread "GC Thread#5" [stack: 0x000000ea31600000,0x000000ea31700000] [id=11380]
  0x000002c567ee39e0 GCTaskThread "GC Thread#6" [stack: 0x000000ea31700000,0x000000ea31800000] [id=13996]
  0x000002c567de76a0 GCTaskThread "GC Thread#7" [stack: 0x000000ea31800000,0x000000ea31900000] [id=14440]
  0x000002c503f2e5b0 ConcurrentGCThread "G1 Main Marker" [stack: 0x000000ea2fd00000,0x000000ea2fe00000] [id=11836]
  0x000002c503f2efc0 ConcurrentGCThread "G1 Conc#0" [stack: 0x000000ea2fe00000,0x000000ea2ff00000] [id=17036]
  0x000002c56935c6f0 ConcurrentGCThread "G1 Conc#1" [stack: 0x000000ea31900000,0x000000ea31a00000] [id=2824]
  0x000002c503f6dd60 ConcurrentGCThread "G1 Refine#0" [stack: 0x000000ea2ff00000,0x000000ea30000000] [id=11164]
  0x000002c503f6e790 ConcurrentGCThread "G1 Service" [stack: 0x000000ea30000000,0x000000ea30100000] [id=17860]

Threads with active compile tasks:
C2 CompilerThread0   191280 5550       4       java.util.Arrays::copyOf (10 bytes)

VM state: not at safepoint (normal execution)

VM Mutex/Monitor currently owned by a thread:  ([mutex/lock_event])
[0x000002c503eb1c60] Metaspace_lock - owner thread: 0x000002c56b3936a0

Heap address: 0x0000000083600000, size: 1994 MB, Compressed Oops mode: 32-bit

CDS archive(s) mapped at: [0x000002c522000000-0x000002c522bd0000-0x000002c522bd0000), size 12386304, SharedBaseAddress: 0x000002c522000000, ArchiveRelocationMode: 1.
Compressed class space mapped at: 0x000002c523000000-0x000002c563000000, reserved size: 1073741824
Narrow klass base: 0x000002c522000000, Narrow klass shift: 0, Narrow klass range: 0x100000000

GC Precious Log:
 CPUs: 8 total, 8 available
 Memory: 7971M
 Large Page Support: Disabled
 NUMA Support: Disabled
 Compressed Oops: Enabled (32-bit)
 Heap Region Size: 1M
 Heap Min Capacity: 8M
 Heap Initial Capacity: 126M
 Heap Max Capacity: 1994M
 Pre-touch: Disabled
 Parallel Workers: 8
 Concurrent Workers: 2
 Concurrent Refinement Workers: 8
 Periodic GC: Disabled

Heap:
 garbage-first heap   total 53248K, used 34489K [0x0000000083600000, 0x0000000100000000)
  region size 1024K, 7 young (7168K), 1 survivors (1024K)
 Metaspace       used 63548K, committed 64128K, reserved 1114112K
  class space    used 8641K, committed 8896K, reserved 1048576K

Heap Regions: E=young(eden), S=young(survivor), O=old, HS=humongous(starts), HC=humongous(continues), CS=collection set, F=free, OA=open archive, CA=closed archive, TAMS=top-at-mark-start (previous, next)
|   0|0x0000000083600000, 0x0000000083700000, 0x0000000083700000|100%|HS|  |TAMS 0x0000000083700000, 0x0000000083600000| Complete 
|   1|0x0000000083700000, 0x0000000083800000, 0x0000000083800000|100%| O|  |TAMS 0x0000000083800000, 0x0000000083700000| Untracked 
|   2|0x0000000083800000, 0x0000000083900000, 0x0000000083900000|100%| O|  |TAMS 0x0000000083900000, 0x0000000083800000| Untracked 
|   3|0x0000000083900000, 0x0000000083a00000, 0x0000000083a00000|100%| O|  |TAMS 0x0000000083a00000, 0x0000000083900000| Untracked 
|   4|0x0000000083a00000, 0x0000000083b00000, 0x0000000083b00000|100%| O|  |TAMS 0x0000000083b00000, 0x0000000083a00000| Untracked 
|   5|0x0000000083b00000, 0x0000000083c00000, 0x0000000083c00000|100%| O|  |TAMS 0x0000000083c00000, 0x0000000083b00000| Untracked 
|   6|0x0000000083c00000, 0x0000000083cfae00, 0x0000000083d00000| 97%| O|  |TAMS 0x0000000083cfae00, 0x0000000083c00000| Untracked 
|   7|0x0000000083d00000, 0x0000000083e00000, 0x0000000083e00000|100%| O|  |TAMS 0x0000000083e00000, 0x0000000083d00000| Untracked 
|   8|0x0000000083e00000, 0x0000000083f00000, 0x0000000083f00000|100%| O|  |TAMS 0x0000000083f00000, 0x0000000083e00000| Untracked 
|   9|0x0000000083f00000, 0x0000000084000000, 0x0000000084000000|100%| O|  |TAMS 0x0000000084000000, 0x0000000083f00000| Untracked 
|  10|0x0000000084000000, 0x0000000084100000, 0x0000000084100000|100%| O|  |TAMS 0x0000000084100000, 0x0000000084000000| Untracked 
|  11|0x0000000084100000, 0x0000000084200000, 0x0000000084200000|100%| O|  |TAMS 0x0000000084200000, 0x0000000084100000| Untracked 
|  12|0x0000000084200000, 0x0000000084300000, 0x0000000084300000|100%| O|  |TAMS 0x0000000084300000, 0x0000000084200000| Untracked 
|  13|0x0000000084300000, 0x0000000084400000, 0x0000000084400000|100%| O|  |TAMS 0x0000000084400000, 0x0000000084300000| Untracked 
|  14|0x0000000084400000, 0x0000000084500000, 0x0000000084500000|100%| O|  |TAMS 0x0000000084500000, 0x0000000084400000| Untracked 
|  15|0x0000000084500000, 0x0000000084600000, 0x0000000084600000|100%| O|  |TAMS 0x0000000084600000, 0x0000000084500000| Untracked 
|  16|0x0000000084600000, 0x0000000084700000, 0x0000000084700000|100%| O|  |TAMS 0x0000000084700000, 0x0000000084600000| Untracked 
|  17|0x0000000084700000, 0x0000000084800000, 0x0000000084800000|100%| O|  |TAMS 0x0000000084800000, 0x0000000084700000| Untracked 
|  18|0x0000000084800000, 0x0000000084900000, 0x0000000084900000|100%| O|  |TAMS 0x0000000084900000, 0x0000000084800000| Untracked 
|  19|0x0000000084900000, 0x0000000084a00000, 0x0000000084a00000|100%| O|  |TAMS 0x0000000084a00000, 0x0000000084900000| Untracked 
|  20|0x0000000084a00000, 0x0000000084b00000, 0x0000000084b00000|100%| O|  |TAMS 0x0000000084b00000, 0x0000000084a00000| Untracked 
|  21|0x0000000084b00000, 0x0000000084c00000, 0x0000000084c00000|100%| O|  |TAMS 0x0000000084c00000, 0x0000000084b00000| Untracked 
|  22|0x0000000084c00000, 0x0000000084d00000, 0x0000000084d00000|100%| O|  |TAMS 0x0000000084d00000, 0x0000000084c00000| Untracked 
|  23|0x0000000084d00000, 0x0000000084e00000, 0x0000000084e00000|100%| O|  |TAMS 0x0000000084e00000, 0x0000000084d00000| Untracked 
|  24|0x0000000084e00000, 0x0000000084f00000, 0x0000000084f00000|100%| O|  |TAMS 0x0000000084f00000, 0x0000000084e00000| Untracked 
|  25|0x0000000084f00000, 0x0000000085000000, 0x0000000085000000|100%| O|  |TAMS 0x0000000085000000, 0x0000000084f00000| Untracked 
|  26|0x0000000085000000, 0x0000000085100000, 0x0000000085100000|100%| O|  |TAMS 0x0000000085073a00, 0x0000000085000000| Untracked 
|  27|0x0000000085100000, 0x00000000851cac00, 0x0000000085200000| 79%| O|  |TAMS 0x0000000085100000, 0x0000000085100000| Untracked 
|  28|0x0000000085200000, 0x0000000085200000, 0x0000000085300000|  0%| F|  |TAMS 0x0000000085200000, 0x0000000085200000| Untracked 
|  29|0x0000000085300000, 0x0000000085300000, 0x0000000085400000|  0%| F|  |TAMS 0x0000000085300000, 0x0000000085300000| Untracked 
|  30|0x0000000085400000, 0x0000000085400000, 0x0000000085500000|  0%| F|  |TAMS 0x0000000085400000, 0x0000000085400000| Untracked 
|  31|0x0000000085500000, 0x0000000085500000, 0x0000000085600000|  0%| F|  |TAMS 0x0000000085500000, 0x0000000085500000| Untracked 
|  32|0x0000000085600000, 0x0000000085600000, 0x0000000085700000|  0%| F|  |TAMS 0x0000000085600000, 0x0000000085600000| Untracked 
|  33|0x0000000085700000, 0x0000000085700000, 0x0000000085800000|  0%| F|  |TAMS 0x0000000085700000, 0x0000000085700000| Untracked 
|  34|0x0000000085800000, 0x0000000085800000, 0x0000000085900000|  0%| F|  |TAMS 0x0000000085800000, 0x0000000085800000| Untracked 
|  35|0x0000000085900000, 0x0000000085900000, 0x0000000085a00000|  0%| F|  |TAMS 0x0000000085900000, 0x0000000085900000| Untracked 
|  36|0x0000000085a00000, 0x0000000085a00000, 0x0000000085b00000|  0%| F|  |TAMS 0x0000000085a00000, 0x0000000085a00000| Untracked 
|  37|0x0000000085b00000, 0x0000000085be8b78, 0x0000000085c00000| 90%| S|CS|TAMS 0x0000000085b00000, 0x0000000085b00000| Complete 
|  38|0x0000000085c00000, 0x0000000085c00000, 0x0000000085d00000|  0%| F|  |TAMS 0x0000000085c00000, 0x0000000085c00000| Untracked 
|  39|0x0000000085d00000, 0x0000000085d00000, 0x0000000085e00000|  0%| F|  |TAMS 0x0000000085d00000, 0x0000000085d00000| Untracked 
|  40|0x0000000085e00000, 0x0000000085e00000, 0x0000000085f00000|  0%| F|  |TAMS 0x0000000085e00000, 0x0000000085e00000| Untracked 
|  41|0x0000000085f00000, 0x0000000085f00000, 0x0000000086000000|  0%| F|  |TAMS 0x0000000085f00000, 0x0000000085f00000| Untracked 
|  42|0x0000000086000000, 0x0000000086000000, 0x0000000086100000|  0%| F|  |TAMS 0x0000000086000000, 0x0000000086000000| Untracked 
|  43|0x0000000086100000, 0x0000000086100000, 0x0000000086200000|  0%| F|  |TAMS 0x0000000086100000, 0x0000000086100000| Untracked 
|  59|0x0000000087100000, 0x0000000087100000, 0x0000000087200000|  0%| F|  |TAMS 0x0000000087100000, 0x0000000087100000| Untracked 
|  60|0x0000000087200000, 0x0000000087200000, 0x0000000087300000|  0%| F|  |TAMS 0x0000000087200000, 0x0000000087200000| Untracked 
|  61|0x0000000087300000, 0x000000008735cb20, 0x0000000087400000| 36%| E|  |TAMS 0x0000000087300000, 0x0000000087300000| Complete 
|  62|0x0000000087400000, 0x0000000087500000, 0x0000000087500000|100%| E|CS|TAMS 0x0000000087400000, 0x0000000087400000| Complete 
|  63|0x0000000087500000, 0x0000000087600000, 0x0000000087600000|100%| E|CS|TAMS 0x0000000087500000, 0x0000000087500000| Complete 
|  64|0x0000000087600000, 0x0000000087700000, 0x0000000087700000|100%| E|CS|TAMS 0x0000000087600000, 0x0000000087600000| Complete 
|  65|0x0000000087700000, 0x0000000087800000, 0x0000000087800000|100%| E|CS|TAMS 0x0000000087700000, 0x0000000087700000| Complete 
| 125|0x000000008b300000, 0x000000008b400000, 0x000000008b400000|100%| E|CS|TAMS 0x000000008b300000, 0x000000008b300000| Complete 

Card table byte_map: [0x000002c51ae70000,0x000002c51b260000] _byte_map_base: 0x000002c51aa55000

Marking Bits (Prev, Next): (CMBitMap*) 0x000002c503f1e340, (CMBitMap*) 0x000002c503f1e380
 Prev Bits: [0x000002c51b650000, 0x000002c51d578000)
 Next Bits: [0x000002c51d580000, 0x000002c51f4a8000)

Polling page: 0x000002c503670000

Metaspace:

Usage:
  Non-class:     53.62 MB used.
      Class:      8.44 MB used.
       Both:     62.06 MB used.

Virtual space:
  Non-class space:       64.00 MB reserved,      53.94 MB ( 84%) committed,  1 nodes.
      Class space:        1.00 GB reserved,       8.69 MB ( <1%) committed,  1 nodes.
             Both:        1.06 GB reserved,      62.62 MB (  6%) committed. 

Chunk freelists:
   Non-Class:  10.11 MB
       Class:  7.12 MB
        Both:  17.23 MB

MaxMetaspaceSize: unlimited
CompressedClassSpaceSize: 1.00 GB
Initial GC threshold: 21.00 MB
Current GC threshold: 103.75 MB
CDS: on
MetaspaceReclaimPolicy: balanced
 - commit_granule_bytes: 65536.
 - commit_granule_words: 8192.
 - virtual_space_node_default_size: 8388608.
 - enlarge_chunks_in_place: 1.
 - new_chunks_are_fully_committed: 0.
 - uncommit_free_chunks: 1.
 - use_allocation_guard: 0.
 - handle_deallocations: 1.


Internal statistics:

num_allocs_failed_limit: 9.
num_arena_births: 700.
num_arena_deaths: 0.
num_vsnodes_births: 2.
num_vsnodes_deaths: 0.
num_space_committed: 1002.
num_space_uncommitted: 0.
num_chunks_returned_to_freelist: 9.
num_chunks_taken_from_freelist: 3017.
num_chunk_merges: 9.
num_chunk_splits: 2228.
num_chunks_enlarged: 1762.
num_inconsistent_stats: 0.

CodeHeap 'non-profiled nmethods': size=120000Kb used=3428Kb max_used=3428Kb free=116571Kb
 bounds [0x000002c513220000, 0x000002c513580000, 0x000002c51a750000]
CodeHeap 'profiled nmethods': size=120000Kb used=9311Kb max_used=9741Kb free=110688Kb
 bounds [0x000002c50b750000, 0x000002c50c0e0000, 0x000002c512c80000]
CodeHeap 'non-nmethods': size=5760Kb used=1327Kb max_used=1415Kb free=4432Kb
 bounds [0x000002c512c80000, 0x000002c512ef0000, 0x000002c513220000]
 total_blobs=5454 nmethods=4793 adapters=573
 compilation: enabled
              stopped_count=0, restarted_count=0
 full_count=0

Compilation events (20 events):
Event: 158.361 Thread 0x000002c521ee4d60 nmethod 5540 0x000002c513577710 code [0x000002c513577880, 0x000002c513577918]
Event: 160.355 Thread 0x000002c521eead20 5541       3       java.util.concurrent.locks.AbstractQueuedSynchronizer::enqueue (60 bytes)
Event: 160.356 Thread 0x000002c521eead20 nmethod 5541 0x000002c50ba09e90 code [0x000002c50ba0a080, 0x000002c50ba0a518]
Event: 162.347 Thread 0x000002c521eead20 5542       3       java.util.concurrent.locks.LockSupport::parkNanos (29 bytes)
Event: 162.349 Thread 0x000002c521eead20 nmethod 5542 0x000002c50ba09990 code [0x000002c50ba09b60, 0x000002c50ba09d68]
Event: 166.123 Thread 0x000002c521ee4d60 5543       4       org.springframework.boot.devtools.filewatch.FileSnapshot::hashCode (49 bytes)
Event: 166.284 Thread 0x000002c521ee4d60 nmethod 5543 0x000002c513577a10 code [0x000002c513577be0, 0x000002c513578798]
Event: 166.475 Thread 0x000002c521eead20 5544       1       org.apache.catalina.valves.ValveBase::getNext (5 bytes)
Event: 166.482 Thread 0x000002c521eead20 nmethod 5544 0x000002c513578d90 code [0x000002c513578f20, 0x000002c513578ff8]
Event: 174.346 Thread 0x000002c521eead20 5545       3       java.util.concurrent.ScheduledThreadPoolExecutor$ScheduledFutureTask::isPeriodic (15 bytes)
Event: 174.347 Thread 0x000002c521eead20 nmethod 5545 0x000002c50ba09610 code [0x000002c50ba097a0, 0x000002c50ba09918]
Event: 176.354 Thread 0x000002c521eead20 5546       3       org.apache.catalina.util.LifecycleBase::fireLifecycleEvent (56 bytes)
Event: 176.370 Thread 0x000002c521eead20 nmethod 5546 0x000002c50ba08910 code [0x000002c50ba08b20, 0x000002c50ba093b8]
Event: 176.370 Thread 0x000002c521eead20 5547       3       org.apache.catalina.LifecycleEvent::<init> (16 bytes)
Event: 176.372 Thread 0x000002c521eead20 nmethod 5547 0x000002c50ba08210 code [0x000002c50ba083e0, 0x000002c50ba087c8]
Event: 180.354 Thread 0x000002c521eead20 5548       3       java.util.concurrent.locks.AbstractQueuedSynchronizer::acquire (20 bytes)
Event: 180.356 Thread 0x000002c521eead20 nmethod 5548 0x000002c50ba07d10 code [0x000002c50ba07ec0, 0x000002c50ba08138]
Event: 191.025 Thread 0x000002c521eead20 5549       3       java.io.File::getAbsoluteFile (38 bytes)
Event: 191.028 Thread 0x000002c521eead20 nmethod 5549 0x000002c50ba07510 code [0x000002c50ba07700, 0x000002c50ba07ba8]
Event: 191.159 Thread 0x000002c521ee4d60 5550       4       java.util.Arrays::copyOf (10 bytes)

GC Heap History (20 events):
Event: 6.421 GC heap before
{Heap before GC invocations=6 (full 0):
 garbage-first heap   total 51200K, used 37645K [0x0000000083600000, 0x0000000100000000)
  region size 1024K, 21 young (21504K), 2 survivors (2048K)
 Metaspace       used 33977K, committed 34368K, reserved 1114112K
  class space    used 4236K, committed 4416K, reserved 1048576K
}
Event: 6.426 GC heap after
{Heap after GC invocations=7 (full 0):
 garbage-first heap   total 51200K, used 19715K [0x0000000083600000, 0x0000000100000000)
  region size 1024K, 3 young (3072K), 3 survivors (3072K)
 Metaspace       used 33977K, committed 34368K, reserved 1114112K
  class space    used 4236K, committed 4416K, reserved 1048576K
}
Event: 6.633 GC heap before
{Heap before GC invocations=7 (full 0):
 garbage-first heap   total 51200K, used 24835K [0x0000000083600000, 0x0000000100000000)
  region size 1024K, 9 young (9216K), 3 survivors (3072K)
 Metaspace       used 35545K, committed 35968K, reserved 1114112K
  class space    used 4429K, committed 4608K, reserved 1048576K
}
Event: 6.636 GC heap after
{Heap after GC invocations=8 (full 0):
 garbage-first heap   total 51200K, used 19934K [0x0000000083600000, 0x0000000100000000)
  region size 1024K, 2 young (2048K), 2 survivors (2048K)
 Metaspace       used 35545K, committed 35968K, reserved 1114112K
  class space    used 4429K, committed 4608K, reserved 1048576K
}
Event: 7.249 GC heap before
{Heap before GC invocations=9 (full 0):
 garbage-first heap   total 51200K, used 39390K [0x0000000083600000, 0x0000000100000000)
  region size 1024K, 21 young (21504K), 2 survivors (2048K)
 Metaspace       used 40326K, committed 40768K, reserved 1114112K
  class space    used 5222K, committed 5440K, reserved 1048576K
}
Event: 7.252 GC heap after
{Heap after GC invocations=10 (full 0):
 garbage-first heap   total 51200K, used 21062K [0x0000000083600000, 0x0000000100000000)
  region size 1024K, 2 young (2048K), 2 survivors (2048K)
 Metaspace       used 40326K, committed 40768K, reserved 1114112K
  class space    used 5222K, committed 5440K, reserved 1048576K
}
Event: 7.744 GC heap before
{Heap before GC invocations=10 (full 0):
 garbage-first heap   total 51200K, used 38470K [0x0000000083600000, 0x0000000100000000)
  region size 1024K, 20 young (20480K), 2 survivors (2048K)
 Metaspace       used 44780K, committed 45184K, reserved 1114112K
  class space    used 5833K, committed 6016K, reserved 1048576K
}
Event: 7.747 GC heap after
{Heap after GC invocations=11 (full 0):
 garbage-first heap   total 51200K, used 21894K [0x0000000083600000, 0x0000000100000000)
  region size 1024K, 3 young (3072K), 3 survivors (3072K)
 Metaspace       used 44780K, committed 45184K, reserved 1114112K
  class space    used 5833K, committed 6016K, reserved 1048576K
}
Event: 8.356 GC heap before
{Heap before GC invocations=11 (full 0):
 garbage-first heap   total 51200K, used 38278K [0x0000000083600000, 0x0000000100000000)
  region size 1024K, 20 young (20480K), 3 survivors (3072K)
 Metaspace       used 50527K, committed 50944K, reserved 1114112K
  class space    used 6783K, committed 6976K, reserved 1048576K
}
Event: 8.360 GC heap after
{Heap after GC invocations=12 (full 0):
 garbage-first heap   total 51200K, used 22784K [0x0000000083600000, 0x0000000100000000)
  region size 1024K, 2 young (2048K), 2 survivors (2048K)
 Metaspace       used 50527K, committed 50944K, reserved 1114112K
  class space    used 6783K, committed 6976K, reserved 1048576K
}
Event: 9.060 GC heap before
{Heap before GC invocations=12 (full 0):
 garbage-first heap   total 51200K, used 40192K [0x0000000083600000, 0x0000000100000000)
  region size 1024K, 20 young (20480K), 2 survivors (2048K)
 Metaspace       used 55123K, committed 55616K, reserved 1114112K
  class space    used 7485K, committed 7744K, reserved 1048576K
}
Event: 9.063 GC heap after
{Heap after GC invocations=13 (full 0):
 garbage-first heap   total 51200K, used 23590K [0x0000000083600000, 0x0000000100000000)
  region size 1024K, 2 young (2048K), 2 survivors (2048K)
 Metaspace       used 55123K, committed 55616K, reserved 1114112K
  class space    used 7485K, committed 7744K, reserved 1048576K
}
Event: 9.487 GC heap before
{Heap before GC invocations=13 (full 0):
 garbage-first heap   total 51200K, used 39974K [0x0000000083600000, 0x0000000100000000)
  region size 1024K, 19 young (19456K), 2 survivors (2048K)
 Metaspace       used 57688K, committed 58240K, reserved 1114112K
  class space    used 7815K, committed 8064K, reserved 1048576K
}
Event: 9.491 GC heap after
{Heap after GC invocations=14 (full 0):
 garbage-first heap   total 51200K, used 25350K [0x0000000083600000, 0x0000000100000000)
  region size 1024K, 3 young (3072K), 3 survivors (3072K)
 Metaspace       used 57688K, committed 58240K, reserved 1114112K
  class space    used 7815K, committed 8064K, reserved 1048576K
}
Event: 9.906 GC heap before
{Heap before GC invocations=14 (full 0):
 garbage-first heap   total 51200K, used 39686K [0x0000000083600000, 0x0000000100000000)
  region size 1024K, 18 young (18432K), 3 survivors (3072K)
 Metaspace       used 59657K, committed 60160K, reserved 1114112K
  class space    used 8067K, committed 8320K, reserved 1048576K
}
Event: 9.911 GC heap after
{Heap after GC invocations=15 (full 0):
 garbage-first heap   total 51200K, used 27145K [0x0000000083600000, 0x0000000100000000)
  region size 1024K, 2 young (2048K), 2 survivors (2048K)
 Metaspace       used 59657K, committed 60160K, reserved 1114112K
  class space    used 8067K, committed 8320K, reserved 1048576K
}
Event: 10.792 GC heap before
{Heap before GC invocations=16 (full 0):
 garbage-first heap   total 51200K, used 41481K [0x0000000083600000, 0x0000000100000000)
  region size 1024K, 16 young (16384K), 2 survivors (2048K)
 Metaspace       used 61487K, committed 62016K, reserved 1114112K
  class space    used 8346K, committed 8576K, reserved 1048576K
}
Event: 10.796 GC heap after
{Heap after GC invocations=17 (full 0):
 garbage-first heap   total 51200K, used 28474K [0x0000000083600000, 0x0000000100000000)
  region size 1024K, 2 young (2048K), 2 survivors (2048K)
 Metaspace       used 61487K, committed 62016K, reserved 1114112K
  class space    used 8346K, committed 8576K, reserved 1048576K
}
Event: 12.135 GC heap before
{Heap before GC invocations=17 (full 0):
 garbage-first heap   total 51200K, used 40762K [0x0000000083600000, 0x0000000100000000)
  region size 1024K, 14 young (14336K), 2 survivors (2048K)
 Metaspace       used 63180K, committed 63744K, reserved 1114112K
  class space    used 8591K, committed 8832K, reserved 1048576K
}
Event: 12.139 GC heap after
{Heap after GC invocations=18 (full 0):
 garbage-first heap   total 51200K, used 29369K [0x0000000083600000, 0x0000000100000000)
  region size 1024K, 1 young (1024K), 1 survivors (1024K)
 Metaspace       used 63180K, committed 63744K, reserved 1114112K
  class space    used 8591K, committed 8832K, reserved 1048576K
}

Deoptimization events (20 events):
Event: 13.030 Thread 0x000002c56b3936a0 DEOPT PACKING pc=0x000002c513347340 sp=0x000000ea31dff370
Event: 13.030 Thread 0x000002c56b3936a0 DEOPT UNPACKING pc=0x000002c512cd23a3 sp=0x000000ea31dff290 mode 2
Event: 13.030 Thread 0x000002c56b3936a0 Uncommon trap: trap_request=0xffffffc6 fr.pc=0x000002c513347340 relative=0x0000000000000700
Event: 13.030 Thread 0x000002c56b3936a0 Uncommon trap: reason=bimorphic_or_optimized_type_check action=maybe_recompile pc=0x000002c513347340 method=java.util.HashMap.getNode(Ljava/lang/Object;)Ljava/util/HashMap$Node; @ 63 c2
Event: 13.030 Thread 0x000002c56b3936a0 DEOPT PACKING pc=0x000002c513347340 sp=0x000000ea31dff370
Event: 13.030 Thread 0x000002c56b3936a0 DEOPT UNPACKING pc=0x000002c512cd23a3 sp=0x000000ea31dff290 mode 2
Event: 13.030 Thread 0x000002c56b3936a0 Uncommon trap: trap_request=0xffffffc6 fr.pc=0x000002c513347340 relative=0x0000000000000700
Event: 13.030 Thread 0x000002c56b3936a0 Uncommon trap: reason=bimorphic_or_optimized_type_check action=maybe_recompile pc=0x000002c513347340 method=java.util.HashMap.getNode(Ljava/lang/Object;)Ljava/util/HashMap$Node; @ 63 c2
Event: 13.030 Thread 0x000002c56b3936a0 DEOPT PACKING pc=0x000002c513347340 sp=0x000000ea31dff370
Event: 13.030 Thread 0x000002c56b3936a0 DEOPT UNPACKING pc=0x000002c512cd23a3 sp=0x000000ea31dff290 mode 2
Event: 13.030 Thread 0x000002c56b3936a0 Uncommon trap: trap_request=0xffffffc6 fr.pc=0x000002c513347340 relative=0x0000000000000700
Event: 13.030 Thread 0x000002c56b3936a0 Uncommon trap: reason=bimorphic_or_optimized_type_check action=maybe_recompile pc=0x000002c513347340 method=java.util.HashMap.getNode(Ljava/lang/Object;)Ljava/util/HashMap$Node; @ 63 c2
Event: 13.030 Thread 0x000002c56b3936a0 DEOPT PACKING pc=0x000002c513347340 sp=0x000000ea31dff370
Event: 13.030 Thread 0x000002c56b3936a0 DEOPT UNPACKING pc=0x000002c512cd23a3 sp=0x000000ea31dff290 mode 2
Event: 23.363 Thread 0x000002c56b3936a0 DEOPT PACKING pc=0x000002c50b910cc7 sp=0x000000ea31dff140
Event: 23.363 Thread 0x000002c56b3936a0 DEOPT UNPACKING pc=0x000002c512cd2b43 sp=0x000000ea31dfe608 mode 0
Event: 45.352 Thread 0x000002c5671edc30 Uncommon trap: trap_request=0xffffff45 fr.pc=0x000002c51356015c relative=0x00000000000001bc
Event: 45.352 Thread 0x000002c5671edc30 Uncommon trap: reason=unstable_if action=reinterpret pc=0x000002c51356015c method=java.util.concurrent.locks.ReentrantLock$Sync.lock()V @ 4 c2
Event: 45.352 Thread 0x000002c5671edc30 DEOPT PACKING pc=0x000002c51356015c sp=0x000000ea31bfeea0
Event: 45.352 Thread 0x000002c5671edc30 DEOPT UNPACKING pc=0x000002c512cd23a3 sp=0x000000ea31bfee00 mode 2

Classes unloaded (0 events):
No events

Classes redefined (0 events):
No events

Internal exceptions (20 events):
Event: 8.847 Thread 0x000002c5671eb3b0 Exception <a 'java/lang/NoSuchMethodError'{0x0000000085ba9118}: 'void java.lang.invoke.DirectMethodHandle$Holder.invokeInterface(java.lang.Object, java.lang.Object)'> (0x0000000085ba9118) 
thrown [s\open\src\hotspot\share\interpreter\linkResolver.cpp, line 759]
Event: 8.854 Thread 0x000002c5671eb3b0 Exception <a 'java/lang/NoSuchMethodError'{0x0000000085bdc230}: 'java.lang.Object java.lang.invoke.DirectMethodHandle$Holder.newInvokeSpecial(java.lang.Object, java.lang.Object, int, java.lang.Object, int, java.lang.Object, java.lang.Object)'> (0x0000000085bdc230) 
thrown [s\open\src\hotspot\share\interpreter\linkResolver.cpp, line 759]
Event: 9.174 Thread 0x000002c5671eb3b0 Exception <a 'java/lang/NoSuchMethodError'{0x00000000875f9f70}: 'int java.lang.invoke.DirectMethodHandle$Holder.invokeStatic(java.lang.Object, java.lang.Object, int)'> (0x00000000875f9f70) 
thrown [s\open\src\hotspot\share\interpreter\linkResolver.cpp, line 759]
Event: 9.553 Thread 0x000002c5671eb3b0 Exception <a 'sun/nio/fs/WindowsException'{0x0000000087628738}> (0x0000000087628738) 
thrown [s\open\src\hotspot\share\prims\jni.cpp, line 516]
Event: 9.590 Thread 0x000002c5671eb3b0 Exception <a 'java/lang/IncompatibleClassChangeError'{0x00000000875d69c0}: Found class java.lang.Object, but interface was expected> (0x00000000875d69c0) 
thrown [s\open\src\hotspot\share\interpreter\linkResolver.cpp, line 826]
Event: 9.620 Thread 0x000002c5671eb3b0 Exception <a 'java/lang/IncompatibleClassChangeError'{0x0000000087385790}: Found class java.lang.Object, but interface was expected> (0x0000000087385790) 
thrown [s\open\src\hotspot\share\interpreter\linkResolver.cpp, line 826]
Event: 9.680 Thread 0x000002c5671eb3b0 Exception <a 'java/lang/NoSuchMethodError'{0x0000000087151908}: 'void java.lang.invoke.DirectMethodHandle$Holder.invokeVirtual(java.lang.Object, java.lang.Object, long)'> (0x0000000087151908) 
thrown [s\open\src\hotspot\share\interpreter\linkResolver.cpp, line 759]
Event: 9.773 Thread 0x000002c5671eb3b0 Exception <a 'java/lang/NoSuchMethodError'{0x0000000085c09640}: 'int java.lang.invoke.DirectMethodHandle$Holder.invokeStaticInit(java.lang.Object, java.lang.Object, java.lang.Object, java.lang.Object)'> (0x0000000085c09640) 
thrown [s\open\src\hotspot\share\interpreter\linkResolver.cpp, line 759]
Event: 9.889 Thread 0x000002c5671eb3b0 Exception <a 'java/lang/IncompatibleClassChangeError'{0x000000008590f238}: Found class java.lang.Object, but interface was expected> (0x000000008590f238) 
thrown [s\open\src\hotspot\share\interpreter\linkResolver.cpp, line 826]
Event: 9.950 Thread 0x000002c5671eb3b0 Implicit null exception at 0x000002c51337b8c0 to 0x000002c51337bac4
Event: 9.972 Thread 0x000002c5671eb3b0 Exception <a 'java/lang/IncompatibleClassChangeError'{0x0000000087537968}: Found class java.lang.Object, but interface was expected> (0x0000000087537968) 
thrown [s\open\src\hotspot\share\interpreter\linkResolver.cpp, line 826]
Event: 10.006 Thread 0x000002c5671eb3b0 Exception <a 'java/lang/IncompatibleClassChangeError'{0x0000000087494d70}: Found class java.lang.Object, but interface was expected> (0x0000000087494d70) 
thrown [s\open\src\hotspot\share\interpreter\linkResolver.cpp, line 826]
Event: 10.658 Thread 0x000002c5671eb3b0 Exception <a 'java/lang/IncompatibleClassChangeError'{0x0000000085df46f8}: Found class java.lang.Object, but interface was expected> (0x0000000085df46f8) 
thrown [s\open\src\hotspot\share\interpreter\linkResolver.cpp, line 826]
Event: 10.919 Thread 0x000002c5671eb3b0 Exception <a 'java/lang/reflect/InvocationTargetException'{0x00000000875d8388}> (0x00000000875d8388) 
thrown [s\open\src\hotspot\share\runtime\reflection.cpp, line 1121]
Event: 10.939 Thread 0x000002c5671eb3b0 Exception <a 'java/lang/IncompatibleClassChangeError'{0x000000008745f948}: Found class java.lang.Object, but interface was expected> (0x000000008745f948) 
thrown [s\open\src\hotspot\share\interpreter\linkResolver.cpp, line 826]
Event: 11.092 Thread 0x000002c5671eb3b0 Exception <a 'java/lang/NoSuchMethodError'{0x00000000873fda10}: 'java.lang.Object java.lang.invoke.DirectMethodHandle$Holder.invokeStatic(java.lang.Object, int, java.lang.Object)'> (0x00000000873fda10) 
thrown [s\open\src\hotspot\share\interpreter\linkResolver.cpp, line 759]
Event: 12.086 Thread 0x000002c5671eb3b0 Exception <a 'java/lang/NoSuchMethodError'{0x0000000085c9adf8}: 'java.lang.Object java.lang.invoke.DirectMethodHandle$Holder.newInvokeSpecial(java.lang.Object, java.lang.Object, int, java.lang.Object, java.lang.Object)'> (0x0000000085c9adf8) 
thrown [s\open\src\hotspot\share\interpreter\linkResolver.cpp, line 759]
Event: 12.088 Thread 0x000002c5671eb3b0 Exception <a 'java/lang/NoSuchMethodError'{0x0000000085ca6378}: 'java.lang.Object java.lang.invoke.DirectMethodHandle$Holder.invokeSpecial(java.lang.Object, java.lang.Object, int, java.lang.Object, int, java.lang.Object)'> (0x0000000085ca6378) 
thrown [s\open\src\hotspot\share\interpreter\linkResolver.cpp, line 759]
Event: 12.089 Thread 0x000002c5671eb3b0 Exception <a 'java/lang/NoSuchMethodError'{0x0000000085cae428}: 'java.lang.Object java.lang.invoke.DirectMethodHandle$Holder.newInvokeSpecial(java.lang.Object, java.lang.Object, int, java.lang.Object, int)'> (0x0000000085cae428) 
thrown [s\open\src\hotspot\share\interpreter\linkResolver.cpp, line 759]
Event: 12.089 Thread 0x000002c5671eb3b0 Exception <a 'java/lang/NoSuchMethodError'{0x0000000085cb2528}: 'java.lang.Object java.lang.invoke.DirectMethodHandle$Holder.invokeSpecial(java.lang.Object, java.lang.Object, java.lang.Object, int, java.lang.Object, int)'> (0x0000000085cb2528) 
thrown [s\open\src\hotspot\share\interpreter\linkResolver.cpp, line 759]

VM Operations (20 events):
Event: 19.276 Executing VM operation: Cleanup
Event: 19.276 Executing VM operation: Cleanup done
Event: 25.329 Executing VM operation: Cleanup
Event: 25.329 Executing VM operation: Cleanup done
Event: 60.168 Executing VM operation: HandshakeAllThreads
Event: 60.169 Executing VM operation: HandshakeAllThreads done
Event: 67.239 Executing VM operation: Cleanup
Event: 67.239 Executing VM operation: Cleanup done
Event: 78.332 Executing VM operation: Cleanup
Event: 78.332 Executing VM operation: Cleanup done
Event: 79.347 Executing VM operation: Cleanup
Event: 79.347 Executing VM operation: Cleanup done
Event: 96.521 Executing VM operation: Cleanup
Event: 96.521 Executing VM operation: Cleanup done
Event: 167.176 Executing VM operation: Cleanup
Event: 167.178 Executing VM operation: Cleanup done
Event: 177.284 Executing VM operation: Cleanup
Event: 177.285 Executing VM operation: Cleanup done
Event: 182.346 Executing VM operation: Cleanup
Event: 182.347 Executing VM operation: Cleanup done

Events (20 events):
Event: 12.343 loading class com/sun/beans/introspect/ClassInfo
Event: 12.343 loading class com/sun/beans/introspect/ClassInfo done
Event: 12.343 loading class com/sun/beans/introspect/ClassInfo$1
Event: 12.343 loading class com/sun/beans/util/Cache
Event: 12.344 loading class com/sun/beans/util/Cache done
Event: 12.344 loading class com/sun/beans/introspect/ClassInfo$1 done
Event: 12.344 loading class com/sun/beans/util/Cache$Kind
Event: 12.344 loading class com/sun/beans/util/Cache$Kind done
Event: 12.344 loading class com/sun/beans/util/Cache$Kind$1
Event: 12.344 loading class com/sun/beans/util/Cache$Kind$1 done
Event: 12.344 loading class com/sun/beans/util/Cache$Kind$2
Event: 12.344 loading class com/sun/beans/util/Cache$Kind$2 done
Event: 12.344 loading class com/sun/beans/util/Cache$Kind$3
Event: 12.344 loading class com/sun/beans/util/Cache$Kind$3 done
Event: 12.345 loading class com/sun/beans/util/Cache$CacheEntry
Event: 12.345 loading class com/sun/beans/util/Cache$CacheEntry done
Event: 12.345 Thread 0x000002c5671ed210 Thread exited: 0x000002c5671ed210
Event: 12.346 Thread 0x000002c503ec4370 Thread exited: 0x000002c503ec4370
Event: 12.346 Thread 0x000002c56b391840 Thread added: 0x000002c56b391840
Event: 15.067 Thread 0x000002c5672bd250 Thread exited: 0x000002c5672bd250


Dynamic libraries:
0x00007ff77d930000 - 0x00007ff77d940000 	C:\Program Files\Java\jdk-17\bin\java.exe
0x00007ff8c1650000 - 0x00007ff8c1867000 	C:\Windows\SYSTEM32\ntdll.dll
0x00007ff8c0650000 - 0x00007ff8c0714000 	C:\Windows\System32\KERNEL32.DLL
0x00007ff8bef30000 - 0x00007ff8bf2d6000 	C:\Windows\System32\KERNELBASE.dll
0x00007ff8b7c90000 - 0x00007ff8b7d27000 	C:\Windows\SYSTEM32\apphelp.dll
0x00007ff8be990000 - 0x00007ff8beaa1000 	C:\Windows\System32\ucrtbase.dll
0x00007ff894180000 - 0x00007ff894199000 	C:\Program Files\Java\jdk-17\bin\jli.dll
0x00007ff88f670000 - 0x00007ff88f68b000 	C:\Program Files\Java\jdk-17\bin\VCRUNTIME140.dll
0x00007ff8c1180000 - 0x00007ff8c1233000 	C:\Windows\System32\ADVAPI32.dll
0x00007ff8bf640000 - 0x00007ff8bf6e7000 	C:\Windows\System32\msvcrt.dll
0x00007ff8c02d0000 - 0x00007ff8c0378000 	C:\Windows\System32\sechost.dll
0x00007ff8bed70000 - 0x00007ff8bed98000 	C:\Windows\System32\bcrypt.dll
0x00007ff8c0530000 - 0x00007ff8c0647000 	C:\Windows\System32\RPCRT4.dll
0x00007ff8c0380000 - 0x00007ff8c052e000 	C:\Windows\System32\USER32.dll
0x00007ff8bec20000 - 0x00007ff8bec46000 	C:\Windows\System32\win32u.dll
0x00007ff8c0820000 - 0x00007ff8c0849000 	C:\Windows\System32\GDI32.dll
0x00007ff8bec50000 - 0x00007ff8bed68000 	C:\Windows\System32\gdi32full.dll
0x00007ff89e780000 - 0x00007ff89ea13000 	C:\Windows\WinSxS\amd64_microsoft.windows.common-controls_6595b64144ccf1df_6.0.22621.2506_none_270c5ae97388e100\COMCTL32.dll
0x00007ff8bee90000 - 0x00007ff8bef2a000 	C:\Windows\System32\msvcp_win.dll
0x00007ff8acb30000 - 0x00007ff8acb3a000 	C:\Windows\SYSTEM32\VERSION.dll
0x00007ff8c0850000 - 0x00007ff8c0881000 	C:\Windows\System32\IMM32.DLL
0x00007ff89ab30000 - 0x00007ff89ab3c000 	C:\Program Files\Java\jdk-17\bin\vcruntime140_1.dll
0x00007ff8792a0000 - 0x00007ff87932e000 	C:\Program Files\Java\jdk-17\bin\msvcp140.dll
0x00007ff86fdd0000 - 0x00007ff8709af000 	C:\Program Files\Java\jdk-17\bin\server\jvm.dll
0x00007ff8bf6f0000 - 0x00007ff8bf6f8000 	C:\Windows\System32\PSAPI.DLL
0x00007ff8b5000000 - 0x00007ff8b5009000 	C:\Windows\SYSTEM32\WSOCK32.dll
0x00007ff8b3960000 - 0x00007ff8b3994000 	C:\Windows\SYSTEM32\WINMM.dll
0x00007ff8c0890000 - 0x00007ff8c0901000 	C:\Windows\System32\ws2_32.DLL
0x00007ff8bda80000 - 0x00007ff8bda98000 	C:\Windows\SYSTEM32\kernel.appcore.dll
0x00007ff8950f0000 - 0x00007ff8950fa000 	C:\Program Files\Java\jdk-17\bin\jimage.dll
0x00007ff8bc290000 - 0x00007ff8bc4c3000 	C:\Windows\SYSTEM32\DBGHELP.DLL
0x00007ff8bf720000 - 0x00007ff8bfaa9000 	C:\Windows\System32\combase.dll
0x00007ff8bf3a0000 - 0x00007ff8bf477000 	C:\Windows\System32\OLEAUT32.dll
0x00007ff892c90000 - 0x00007ff892cc2000 	C:\Windows\SYSTEM32\dbgcore.DLL
0x00007ff8beda0000 - 0x00007ff8bee1a000 	C:\Windows\System32\bcryptPrimitives.dll
0x00007ff8a8870000 - 0x00007ff8a887e000 	C:\Program Files\Java\jdk-17\bin\instrument.dll
0x00007ff88a660000 - 0x00007ff88a685000 	C:\Program Files\Java\jdk-17\bin\java.dll
0x00007ff8789a0000 - 0x00007ff878a77000 	C:\Program Files\Java\jdk-17\bin\jsvml.dll
0x00007ff8c0920000 - 0x00007ff8c117b000 	C:\Windows\System32\SHELL32.dll
0x00007ff8bc750000 - 0x00007ff8bd046000 	C:\Windows\SYSTEM32\windows.storage.dll
0x00007ff8bd070000 - 0x00007ff8bd1ae000 	C:\Windows\SYSTEM32\wintypes.dll
0x00007ff8c0720000 - 0x00007ff8c0813000 	C:\Windows\System32\SHCORE.dll
0x00007ff8c12e0000 - 0x00007ff8c133e000 	C:\Windows\System32\shlwapi.dll
0x00007ff8be8c0000 - 0x00007ff8be8e6000 	C:\Windows\SYSTEM32\profapi.dll
0x00007ff88e350000 - 0x00007ff88e368000 	C:\Program Files\Java\jdk-17\bin\zip.dll
0x00007ff88f450000 - 0x00007ff88f469000 	C:\Program Files\Java\jdk-17\bin\net.dll
0x00007ff8b4d40000 - 0x00007ff8b4e77000 	C:\Windows\SYSTEM32\WINHTTP.dll
0x00007ff8bdef0000 - 0x00007ff8bdf59000 	C:\Windows\system32\mswsock.dll
0x00007ff88e7c0000 - 0x00007ff88e7d6000 	C:\Program Files\Java\jdk-17\bin\nio.dll
0x00007ff895310000 - 0x00007ff89532a000 	C:\Program Files\JetBrains\IntelliJ IDEA Community Edition 2023.3.4\bin\breakgen64.dll
0x00007ff8a4ec0000 - 0x00007ff8a4eca000 	C:\Program Files\Java\jdk-17\bin\management.dll
0x00007ff895360000 - 0x00007ff89536b000 	C:\Program Files\Java\jdk-17\bin\management_ext.dll
0x00007ff8a9040000 - 0x00007ff8a904e000 	C:\Program Files\Java\jdk-17\bin\sunmscapi.dll
0x00007ff8beab0000 - 0x00007ff8bec16000 	C:\Windows\System32\CRYPT32.dll
0x00007ff8be350000 - 0x00007ff8be37e000 	C:\Windows\SYSTEM32\ncrypt.dll
0x00007ff8be310000 - 0x00007ff8be347000 	C:\Windows\SYSTEM32\NTASN1.dll
0x00007ff8be240000 - 0x00007ff8be25b000 	C:\Windows\SYSTEM32\CRYPTSP.dll
0x00007ff8bd9e0000 - 0x00007ff8bda15000 	C:\Windows\system32\rsaenh.dll
0x00007ff8bdf90000 - 0x00007ff8bdfbc000 	C:\Windows\SYSTEM32\USERENV.dll
0x00007ff8be220000 - 0x00007ff8be22c000 	C:\Windows\SYSTEM32\CRYPTBASE.dll
0x00007ff8bd480000 - 0x00007ff8bd4ad000 	C:\Windows\SYSTEM32\IPHLPAPI.DLL
0x00007ff8c0910000 - 0x00007ff8c0919000 	C:\Windows\System32\NSI.dll
0x00007ff8b4790000 - 0x00007ff8b47a9000 	C:\Windows\SYSTEM32\dhcpcsvc6.DLL
0x00007ff8b4770000 - 0x00007ff8b478f000 	C:\Windows\SYSTEM32\dhcpcsvc.DLL
0x00007ff8bd4f0000 - 0x00007ff8bd5e9000 	C:\Windows\SYSTEM32\DNSAPI.dll
0x00007ff8940e0000 - 0x00007ff8940f0000 	C:\Program Files\Java\jdk-17\bin\verify.dll
0x00007ff8a8860000 - 0x00007ff8a8868000 	C:\Windows\system32\wshunix.dll

dbghelp: loaded successfully - version: 4.0.5 - missing functions: none
symbol engine: initialized successfully - sym options: 0x614 - pdb path: .;C:\Program Files\Java\jdk-17\bin;C:\Windows\SYSTEM32;C:\Windows\WinSxS\amd64_microsoft.windows.common-controls_6595b64144ccf1df_6.0.22621.2506_none_270c5ae97388e100;C:\Program Files\Java\jdk-17\bin\server;C:\Program Files\JetBrains\IntelliJ IDEA Community Edition 2023.3.4\bin

VM Arguments:
jvm_args: -javaagent:C:\Program Files\JetBrains\IntelliJ IDEA Community Edition 2023.3.4\lib\idea_rt.jar=59081:C:\Program Files\JetBrains\IntelliJ IDEA Community Edition 2023.3.4\bin -Dfile.encoding=UTF-8 
java_command: test.muruna.com.TestMurunaApplication
java_class_path (initial): C:\Users\Alexander\Desktop\Test-Muruna\target\classes;C:\Users\Alexander\.m2\repository\org\springframework\boot\spring-boot-starter-data-jpa\3.2.3\spring-boot-starter-data-jpa-3.2.3.jar;C:\Users\Alexander\.m2\repository\org\springframework\boot\spring-boot-starter-aop\3.2.3\spring-boot-starter-aop-3.2.3.jar;C:\Users\Alexander\.m2\repository\org\springframework\spring-aop\6.1.4\spring-aop-6.1.4.jar;C:\Users\Alexander\.m2\repository\org\aspectj\aspectjweaver\1.9.21\aspectjweaver-1.9.21.jar;C:\Users\Alexander\.m2\repository\org\springframework\boot\spring-boot-starter-jdbc\3.2.3\spring-boot-starter-jdbc-3.2.3.jar;C:\Users\Alexander\.m2\repository\com\zaxxer\HikariCP\5.0.1\HikariCP-5.0.1.jar;C:\Users\Alexander\.m2\repository\org\springframework\spring-jdbc\6.1.4\spring-jdbc-6.1.4.jar;C:\Users\Alexander\.m2\repository\org\hibernate\orm\hibernate-core\6.4.4.Final\hibernate-core-6.4.4.Final.jar;C:\Users\Alexander\.m2\repository\jakarta\persistence\jakarta.persistence-api\3.1.0\jakarta.persistence-api-3.1.0.jar;C:\Users\Alexander\.m2\repository\jakarta\transaction\jakarta.transaction-api\2.0.1\jakarta.transaction-api-2.0.1.jar;C:\Users\Alexander\.m2\repository\org\jboss\logging\jboss-logging\3.5.3.Final\jboss-logging-3.5.3.Final.jar;C:\Users\Alexander\.m2\repository\org\hibernate\common\hibernate-commons-annotations\6.0.6.Final\hibernate-commons-annotations-6.0.6.Final.jar;C:\Users\Alexander\.m2\repository\io\smallrye\jandex\3.1.2\jandex-3.1.2.jar;C:\Users\Alexander\.m2\repository\net\bytebuddy\byte-buddy\1.14.12\byte-buddy-1.14.12.jar;C:\Users\Alexander\.m2\repository\org\glassfish\jaxb\jaxb-runtime\4.0.4\jaxb-runtime-4.0.4.jar;C:\Users\Alexander\.m2\repository\org\glassfish\jaxb\jaxb-core\4.0.4\jaxb-core-4.0.4.jar;C:\Users\Alexander\.m2\repository\org\eclipse\angus\angus-activation\2.0.1\angus-activation-2.0.1.jar;C:\Users\Alexander\.m2\repository\org\glassfish\jaxb\txw2\4.0.4\txw2-4.0.4.jar;C:\Users\Alexander\.m2\repository\com\sun\istack\is
Launcher Type: SUN_STANDARD

[Global flags]

[error occurred during error reporting (printing flags), id 0xe0000001, Out of Memory Error (s\open\src\hotspot\share\memory\allocation.cpp:44)]

Logging:
Log output configuration:
 #0: stdout all=warning uptime,level,tags
 #1: stderr all=off uptime,level,tags

Environment Variables:
PATH=C:\Program Files\Common Files\Oracle\Java\javapath;C:\Program Files (x86)\Common Files\Oracle\Java\javapath;C:\Windows\system32;C:\Windows;C:\Windows\System32\Wbem;C:\Windows\System32\WindowsPowerShell\v1.0\;C:\Windows\System32\OpenSSH\;C:\Users\Alexander\AppData\Local\Microsoft\WindowsApps;
USERNAME=Alexander
OS=Windows_NT
PROCESSOR_IDENTIFIER=Intel64 Family 6 Model 142 Stepping 12, GenuineIntel



---------------  S Y S T E M  ---------------

OS:
 Windows 11 , 64 bit Build 22621 (10.0.22621.3085)
OS uptime: 12 days 15:16 hours
Hyper-V role detected

CPU: total 8 (initial active 8) (4 cores per cpu, 2 threads per core) family 6 model 142 stepping 12 microcode 0xf8, cx8, cmov, fxsr, ht, mmx, 3dnowpref, sse, sse2, sse3, ssse3, sse4.1, sse4.2, popcnt, lzcnt, tsc, tscinvbit, avx, avx2, aes, erms, clmul, bmi1, bmi2, adx, fma, vzeroupper, clflush, clflushopt, hv

Memory: 4k page, system-wide physical 7971M (326M free)
TotalPageFile size 32547M (AvailPageFile size 0M)
current process WorkingSet (physical memory assigned to process): 36M, peak: 252M
current process commit charge ("private bytes"): 246M, peak: 292M

vm_info: Java HotSpot(TM) 64-Bit Server VM (17.0.10+11-LTS-240) for windows-amd64 JRE (17.0.10+11-LTS-240), built on Dec 19 2023 21:47:25 by "mach5one" with MS VC++ 17.1 (VS2022)

END.
